<?xml version="1.0" encoding="UTF-8"?>
<!-- Generated by org.testng.reporters.JUnitXMLReporter -->
<testsuite ignored="0" hostname="DESKTOP-TDDQJB9" failures="0" tests="1" name="Test-Runner-Chrome" time="34.876" errors="0" timestamp="2023-04-24T18:15:24 IST">
  <testcase classname="ExecutionUtility.AddingStudent" name="Student" time="17.396"/>
</testsuite> <!-- Test-Runner-Chrome -->
