<?xml version="1.0" encoding="UTF-8"?>
<!-- Generated by org.testng.reporters.JUnitXMLReporter -->
<testsuite ignored="0" hostname="DESKTOP-TDDQJB9" failures="0" tests="1" name="Test-Runner-Edge" time="24.246" errors="0" timestamp="2023-04-24T18:15:13 IST">
  <testcase classname="ExecutionUtility.AddingStudent" name="Student" time="7.624"/>
</testsuite> <!-- Test-Runner-Edge -->
