<?xml version="1.0" encoding="UTF-8"?>
<!-- Generated by org.testng.reporters.JUnitReportReporter -->
<testsuite hostname="DESKTOP-TDDQJB9" failures="0" tests="1" name="ExecutionUtility.ClickOnDesigner" time="11.338" errors="0" timestamp="2023-04-06T10:48:33 IST" skipped="0">
  <testcase classname="ExecutionUtility.ClickOnDesigner" name="Designer" time="11.338"/>
  <system-out>
    <![CDATA[Click on Designer Successfully..!!!]]>
  </system-out>
</testsuite> <!-- ExecutionUtility.ClickOnDesigner -->
