<?xml version="1.0" encoding="UTF-8"?>
<!-- Generated by org.testng.reporters.JUnitReportReporter -->
<testsuite hostname="DESKTOP-TDDQJB9" failures="0" tests="1" name="ExecutionUtility.LoginLogout" time="13.266" errors="0" timestamp="2023-04-25T13:11:10 IST" skipped="0">
  <testcase classname="ExecutionUtility.LoginLogout" name="Demo" time="13.266"/>
  <system-out/>
</testsuite> <!-- ExecutionUtility.LoginLogout -->
