<?xml version="1.0" encoding="UTF-8"?>
<!-- Generated by org.testng.reporters.JUnitReportReporter -->
<testsuite hostname="DESKTOP-TDDQJB9" failures="0" tests="1" name="ExecutionUtility.LoginLogout" time="11.156" errors="0" timestamp="2023-04-14T15:33:10 IST" skipped="0">
  <testcase classname="ExecutionUtility.LoginLogout" name="Demo" time="11.156"/>
  <system-out/>
</testsuite> <!-- ExecutionUtility.LoginLogout -->
