<?xml version="1.0" encoding="UTF-8"?>
<!-- Generated by org.testng.reporters.JUnitReportReporter -->
<testsuite hostname="DESKTOP-TDDQJB9" failures="0" tests="1" name="ExecutionUtility.AddingStudent" time="15.623" errors="0" timestamp="2023-04-25T10:18:03 IST" skipped="0">
  <testcase classname="ExecutionUtility.AddingStudent" name="Student" time="15.623"/>
  <system-out/>
</testsuite> <!-- ExecutionUtility.AddingStudent -->
