<?xml version="1.0" encoding="UTF-8"?>
<!-- Generated by org.testng.reporters.JUnitReportReporter -->
<testsuite hostname="DESKTOP-TDDQJB9" failures="0" tests="2" name="ExecutionUtility.ClickOnDesignerTest" time="18.908" errors="0" timestamp="2023-04-25T10:18:03 IST" skipped="0">
  <testcase classname="ExecutionUtility.ClickOnDesignerTest" name="DemoTest" time="3.586"/>
  <system-out/>
  <testcase classname="ExecutionUtility.ClickOnDesignerTest" name="Designer" time="15.322"/>
  <system-out>
    <![CDATA[Click on Designer Successfully..!!!]]>
  </system-out>
</testsuite> <!-- ExecutionUtility.ClickOnDesignerTest -->
