<?xml version="1.0" encoding="UTF-8"?>
<!-- Generated by org.testng.reporters.JUnitReportReporter -->
<testsuite hostname="DESKTOP-TDDQJB9" failures="0" tests="2" name="ExecutionUtility.ClickOnDesignerTest" time="22.140" errors="0" timestamp="2023-04-25T13:11:10 IST" skipped="0">
  <testcase classname="ExecutionUtility.ClickOnDesignerTest" name="Designer" time="12.984"/>
  <system-out>
    <![CDATA[Click on Designer Successfully..!!!]]>
  </system-out>
  <testcase classname="ExecutionUtility.ClickOnDesignerTest" name="DemoTest" time="9.156"/>
  <system-out/>
</testsuite> <!-- ExecutionUtility.ClickOnDesignerTest -->
